<?xml version="1.0" encoding="UTF-8"?>
<testsuite name="org.zeitgeistonline.deutschesiri.DeutscheSiriApplicationTests" tests="1" skipped="0" failures="0" errors="0" timestamp="2020-03-22T01:19:57" hostname="rafael-MS-7A63" time="0.182">
  <properties/>
  <testcase name="contextLoads()" classname="org.zeitgeistonline.deutschesiri.DeutscheSiriApplicationTests" time="0.182"/>
  <system-out><![CDATA[02:19:55.790 [Test worker] DEBUG org.springframework.test.context.BootstrapUtils - Instantiating CacheAwareContextLoaderDelegate from class [org.springframework.test.context.cache.DefaultCacheAwareContextLoaderDelegate]
02:19:55.798 [Test worker] DEBUG org.springframework.test.context.BootstrapUtils - Instantiating BootstrapContext using constructor [public org.springframework.test.context.support.DefaultBootstrapContext(java.lang.Class,org.springframework.test.context.CacheAwareContextLoaderDelegate)]
02:19:55.818 [Test worker] DEBUG org.springframework.test.context.BootstrapUtils - Instantiating TestContextBootstrapper for test class [org.zeitgeistonline.deutschesiri.DeutscheSiriApplicationTests] from class [org.springframework.boot.test.context.SpringBootTestContextBootstrapper]
02:19:55.829 [Test worker] INFO org.springframework.boot.test.context.SpringBootTestContextBootstrapper - Neither @ContextConfiguration nor @ContextHierarchy found for test class [org.zeitgeistonline.deutschesiri.DeutscheSiriApplicationTests], using SpringBootContextLoader
02:19:55.832 [Test worker] DEBUG org.springframework.test.context.support.AbstractContextLoader - Did not detect default resource location for test class [org.zeitgeistonline.deutschesiri.DeutscheSiriApplicationTests]: class path resource [org/zeitgeistonline/deutschesiri/DeutscheSiriApplicationTests-context.xml] does not exist
02:19:55.833 [Test worker] DEBUG org.springframework.test.context.support.AbstractContextLoader - Did not detect default resource location for test class [org.zeitgeistonline.deutschesiri.DeutscheSiriApplicationTests]: class path resource [org/zeitgeistonline/deutschesiri/DeutscheSiriApplicationTestsContext.groovy] does not exist
02:19:55.833 [Test worker] INFO org.springframework.test.context.support.AbstractContextLoader - Could not detect default resource locations for test class [org.zeitgeistonline.deutschesiri.DeutscheSiriApplicationTests]: no resource found for suffixes {-context.xml, Context.groovy}.
02:19:55.833 [Test worker] INFO org.springframework.test.context.support.AnnotationConfigContextLoaderUtils - Could not detect default configuration classes for test class [org.zeitgeistonline.deutschesiri.DeutscheSiriApplicationTests]: DeutscheSiriApplicationTests does not declare any static, non-private, non-final, nested classes annotated with @Configuration.
02:19:55.855 [Test worker] DEBUG org.springframework.test.context.support.ActiveProfilesUtils - Could not find an 'annotation declaring class' for annotation type [org.springframework.test.context.ActiveProfiles] and class [org.zeitgeistonline.deutschesiri.DeutscheSiriApplicationTests]
02:19:55.899 [Test worker] DEBUG org.springframework.context.annotation.ClassPathScanningCandidateComponentProvider - Identified candidate component class: file [/home/rafael/Projects/deutsche-siri/build/classes/java/main/org/zeitgeistonline/deutschesiri/DeutscheSiriApplication.class]
02:19:55.905 [Test worker] INFO org.springframework.boot.test.context.SpringBootTestContextBootstrapper - Found @SpringBootConfiguration org.zeitgeistonline.deutschesiri.DeutscheSiriApplication for test class org.zeitgeistonline.deutschesiri.DeutscheSiriApplicationTests
02:19:55.959 [Test worker] DEBUG org.springframework.boot.test.context.SpringBootTestContextBootstrapper - @TestExecutionListeners is not present for class [org.zeitgeistonline.deutschesiri.DeutscheSiriApplicationTests]: using defaults.
02:19:55.960 [Test worker] INFO org.springframework.boot.test.context.SpringBootTestContextBootstrapper - Loaded default TestExecutionListener class names from location [META-INF/spring.factories]: [org.springframework.boot.test.autoconfigure.restdocs.RestDocsTestExecutionListener, org.springframework.boot.test.autoconfigure.web.client.MockRestServiceServerResetTestExecutionListener, org.springframework.boot.test.autoconfigure.web.servlet.MockMvcPrintOnlyOnFailureTestExecutionListener, org.springframework.boot.test.autoconfigure.web.servlet.WebDriverTestExecutionListener, org.springframework.boot.test.mock.mockito.MockitoTestExecutionListener, org.springframework.boot.test.mock.mockito.ResetMocksTestExecutionListener, org.springframework.test.context.web.ServletTestExecutionListener, org.springframework.test.context.support.DirtiesContextBeforeModesTestExecutionListener, org.springframework.test.context.support.DependencyInjectionTestExecutionListener, org.springframework.test.context.support.DirtiesContextTestExecutionListener, org.springframework.test.context.transaction.TransactionalTestExecutionListener, org.springframework.test.context.jdbc.SqlScriptsTestExecutionListener, org.springframework.test.context.event.EventPublishingTestExecutionListener]
02:19:55.965 [Test worker] DEBUG org.springframework.boot.test.context.SpringBootTestContextBootstrapper - Skipping candidate TestExecutionListener [org.springframework.test.context.transaction.TransactionalTestExecutionListener] due to a missing dependency. Specify custom listener classes or make the default listener classes and their required dependencies available. Offending class: [org/springframework/transaction/TransactionDefinition]
02:19:55.966 [Test worker] DEBUG org.springframework.boot.test.context.SpringBootTestContextBootstrapper - Skipping candidate TestExecutionListener [org.springframework.test.context.jdbc.SqlScriptsTestExecutionListener] due to a missing dependency. Specify custom listener classes or make the default listener classes and their required dependencies available. Offending class: [org/springframework/transaction/interceptor/TransactionAttribute]
02:19:55.966 [Test worker] INFO org.springframework.boot.test.context.SpringBootTestContextBootstrapper - Using TestExecutionListeners: [org.springframework.test.context.web.ServletTestExecutionListener@6085f234, org.springframework.test.context.support.DirtiesContextBeforeModesTestExecutionListener@7d5667e8, org.springframework.boot.test.mock.mockito.MockitoTestExecutionListener@59dd523c, org.springframework.boot.test.autoconfigure.SpringBootDependencyInjectionTestExecutionListener@74c6bb31, org.springframework.test.context.support.DirtiesContextTestExecutionListener@3b9df3cf, org.springframework.test.context.event.EventPublishingTestExecutionListener@75baba73, org.springframework.boot.test.autoconfigure.restdocs.RestDocsTestExecutionListener@46c54a4a, org.springframework.boot.test.autoconfigure.web.client.MockRestServiceServerResetTestExecutionListener@79b6e90, org.springframework.boot.test.autoconfigure.web.servlet.MockMvcPrintOnlyOnFailureTestExecutionListener@534ce627, org.springframework.boot.test.autoconfigure.web.servlet.WebDriverTestExecutionListener@7385b71f, org.springframework.boot.test.mock.mockito.ResetMocksTestExecutionListener@1f7e343f]
02:19:55.968 [Test worker] DEBUG org.springframework.test.context.support.AbstractDirtiesContextTestExecutionListener - Before test class: context [DefaultTestContext@10281b76 testClass = DeutscheSiriApplicationTests, testInstance = [null], testMethod = [null], testException = [null], mergedContextConfiguration = [WebMergedContextConfiguration@34b6bb90 testClass = DeutscheSiriApplicationTests, locations = '{}', classes = '{class org.zeitgeistonline.deutschesiri.DeutscheSiriApplication}', contextInitializerClasses = '[]', activeProfiles = '{}', propertySourceLocations = '{}', propertySourceProperties = '{org.springframework.boot.test.context.SpringBootTestContextBootstrapper=true}', contextCustomizers = set[org.springframework.boot.test.autoconfigure.properties.PropertyMappingContextCustomizer@0, org.springframework.boot.test.autoconfigure.web.servlet.WebDriverContextCustomizerFactory$Customizer@6e66f128, org.springframework.boot.test.context.filter.ExcludeFilterContextCustomizer@413331fb, org.springframework.boot.test.json.DuplicateJsonObjectContextCustomizerFactory$DuplicateJsonObjectContextCustomizer@2e4c153e, org.springframework.boot.test.mock.mockito.MockitoContextCustomizer@0, org.springframework.boot.test.web.client.TestRestTemplateContextCustomizer@41bb48d7], resourceBasePath = 'src/main/webapp', contextLoader = 'org.springframework.boot.test.context.SpringBootContextLoader', parent = [null]], attributes = map['org.springframework.test.context.web.ServletTestExecutionListener.activateListener' -> true]], class annotated with @DirtiesContext [false] with mode [null].
02:19:55.985 [Test worker] DEBUG org.springframework.test.context.support.TestPropertySourceUtils - Adding inlined properties to environment: {spring.jmx.enabled=false, org.springframework.boot.test.context.SpringBootTestContextBootstrapper=true, server.port=-1}

  .   ____          _            __ _ _
 /\\ / ___'_ __ _ _(_)_ __  __ _ \ \ \ \
( ( )\___ | '_ | '_| | '_ \/ _` | \ \ \ \
 \\/  ___)| |_)| | | | | || (_| |  ) ) ) )
  '  |____| .__|_| |_|_| |_\__, | / / / /
 =========|_|==============|___/=/_/_/_/
 :: Spring Boot ::        (v2.2.5.RELEASE)

2020-03-22 02:19:56.167  INFO 6681 --- [    Test worker] o.z.d.DeutscheSiriApplicationTests       : Starting DeutscheSiriApplicationTests on rafael-MS-7A63 with PID 6681 (started by rafael in /home/rafael/Projects/deutsche-siri)
2020-03-22 02:19:56.169  INFO 6681 --- [    Test worker] o.z.d.DeutscheSiriApplicationTests       : No active profile set, falling back to default profiles: default
2020-03-22 02:19:57.021  INFO 6681 --- [    Test worker] o.s.s.concurrent.ThreadPoolTaskExecutor  : Initializing ExecutorService 'applicationTaskExecutor'
2020-03-22 02:19:57.182  INFO 6681 --- [    Test worker] o.z.d.DeutscheSiriApplicationTests       : Started DeutscheSiriApplicationTests in 1.191 seconds (JVM running for 1.947)
]]></system-out>
  <system-err><![CDATA[]]></system-err>
</testsuite>
